  [1m[35m (288.0ms)[0m  [1m[35mCREATE DATABASE "foster_api_development" ENCODING = 'unicode'[0m
  [1m[35m (300.9ms)[0m  [1m[35mCREATE DATABASE "foster_api_test" ENCODING = 'unicode'[0m
Started GET "/" for ::1 at 2020-07-28 22:40:33 -0500
  
ActionController::RoutingError (uninitialized constant StaticController
Did you mean?  StaticControllers):
  
actionpack (6.0.3.2) lib/action_dispatch/http/request.rb:92:in `rescue in controller_class_for'
actionpack (6.0.3.2) lib/action_dispatch/http/request.rb:88:in `controller_class_for'
actionpack (6.0.3.2) lib/action_dispatch/http/request.rb:81:in `controller_class'
actionpack (6.0.3.2) lib/action_dispatch/routing/route_set.rb:44:in `controller'
actionpack (6.0.3.2) lib/action_dispatch/routing/route_set.rb:31:in `serve'
actionpack (6.0.3.2) lib/action_dispatch/journey/router.rb:49:in `block in serve'
actionpack (6.0.3.2) lib/action_dispatch/journey/router.rb:32:in `each'
actionpack (6.0.3.2) lib/action_dispatch/journey/router.rb:32:in `serve'
actionpack (6.0.3.2) lib/action_dispatch/routing/route_set.rb:834:in `call'
rack (2.2.3) lib/rack/tempfile_reaper.rb:15:in `call'
rack (2.2.3) lib/rack/etag.rb:27:in `call'
rack (2.2.3) lib/rack/conditional_get.rb:27:in `call'
rack (2.2.3) lib/rack/head.rb:12:in `call'
actionpack (6.0.3.2) lib/action_dispatch/http/content_security_policy.rb:18:in `call'
rack (2.2.3) lib/rack/session/abstract/id.rb:266:in `context'
rack (2.2.3) lib/rack/session/abstract/id.rb:260:in `call'
actionpack (6.0.3.2) lib/action_dispatch/middleware/cookies.rb:648:in `call'
activerecord (6.0.3.2) lib/active_record/migration.rb:567:in `call'
actionpack (6.0.3.2) lib/action_dispatch/middleware/callbacks.rb:27:in `block in call'
activesupport (6.0.3.2) lib/active_support/callbacks.rb:101:in `run_callbacks'
actionpack (6.0.3.2) lib/action_dispatch/middleware/callbacks.rb:26:in `call'
actionpack (6.0.3.2) lib/action_dispatch/middleware/executor.rb:14:in `call'
actionpack (6.0.3.2) lib/action_dispatch/middleware/actionable_exceptions.rb:17:in `call'
actionpack (6.0.3.2) lib/action_dispatch/middleware/debug_exceptions.rb:32:in `call'
web-console (4.0.4) lib/web_console/middleware.rb:132:in `call_app'
web-console (4.0.4) lib/web_console/middleware.rb:28:in `block in call'
web-console (4.0.4) lib/web_console/middleware.rb:17:in `catch'
web-console (4.0.4) lib/web_console/middleware.rb:17:in `call'
actionpack (6.0.3.2) lib/action_dispatch/middleware/show_exceptions.rb:33:in `call'
railties (6.0.3.2) lib/rails/rack/logger.rb:37:in `call_app'
railties (6.0.3.2) lib/rails/rack/logger.rb:26:in `block in call'
activesupport (6.0.3.2) lib/active_support/tagged_logging.rb:80:in `block in tagged'
activesupport (6.0.3.2) lib/active_support/tagged_logging.rb:28:in `tagged'
activesupport (6.0.3.2) lib/active_support/tagged_logging.rb:80:in `tagged'
railties (6.0.3.2) lib/rails/rack/logger.rb:26:in `call'
sprockets-rails (3.2.1) lib/sprockets/rails/quiet_assets.rb:13:in `call'
actionpack (6.0.3.2) lib/action_dispatch/middleware/remote_ip.rb:81:in `call'
actionpack (6.0.3.2) lib/action_dispatch/middleware/request_id.rb:27:in `call'
rack (2.2.3) lib/rack/method_override.rb:24:in `call'
rack (2.2.3) lib/rack/runtime.rb:22:in `call'
activesupport (6.0.3.2) lib/active_support/cache/strategy/local_cache_middleware.rb:29:in `call'
actionpack (6.0.3.2) lib/action_dispatch/middleware/executor.rb:14:in `call'
actionpack (6.0.3.2) lib/action_dispatch/middleware/static.rb:126:in `call'
rack (2.2.3) lib/rack/sendfile.rb:110:in `call'
actionpack (6.0.3.2) lib/action_dispatch/middleware/host_authorization.rb:82:in `call'
rack-cors (1.1.1) lib/rack/cors.rb:100:in `call'
webpacker (4.2.2) lib/webpacker/dev_server_proxy.rb:23:in `perform_request'
rack-proxy (0.6.5) lib/rack/proxy.rb:57:in `call'
railties (6.0.3.2) lib/rails/engine.rb:527:in `call'
puma (4.3.5) lib/puma/configuration.rb:228:in `call'
puma (4.3.5) lib/puma/server.rb:713:in `handle_request'
puma (4.3.5) lib/puma/server.rb:472:in `process_client'
puma (4.3.5) lib/puma/server.rb:328:in `block in run'
puma (4.3.5) lib/puma/thread_pool.rb:134:in `block in spawn_thread'
Started GET "/" for ::1 at 2020-07-28 22:41:13 -0500
Processing by StaticController#home as HTML
Completed 200 OK in 1ms (Views: 0.3ms | ActiveRecord: 0.0ms | Allocations: 295)


  [1m[35m (13.7ms)[0m  [1m[35mCREATE TABLE "schema_migrations" ("version" character varying NOT NULL PRIMARY KEY)[0m
  [1m[35m (12.4ms)[0m  [1m[35mCREATE TABLE "ar_internal_metadata" ("key" character varying NOT NULL PRIMARY KEY, "value" character varying, "created_at" timestamp(6) NOT NULL, "updated_at" timestamp(6) NOT NULL)[0m
  [1m[35m (0.3ms)[0m  [1m[34mSELECT pg_try_advisory_lock(7114342004176144815)[0m
  [1m[35m (0.9ms)[0m  [1m[34mSELECT "schema_migrations"."version" FROM "schema_migrations" ORDER BY "schema_migrations"."version" ASC[0m
Migrating to CreateUsers (20200729034339)
  [1m[35m (0.2ms)[0m  [1m[35mBEGIN[0m
  [1m[35m (13.2ms)[0m  [1m[35mCREATE TABLE "users" ("id" bigserial primary key, "email" character varying, "password_digest" character varying, "created_at" timestamp(6) NOT NULL, "updated_at" timestamp(6) NOT NULL)[0m
  [1m[36mprimary::SchemaMigration Create (0.5ms)[0m  [1m[32mINSERT INTO "schema_migrations" ("version") VALUES ($1) RETURNING "version"[0m  [["version", "20200729034339"]]
  [1m[35m (2.5ms)[0m  [1m[35mCOMMIT[0m
  [1m[36mActiveRecord::InternalMetadata Load (0.5ms)[0m  [1m[34mSELECT "ar_internal_metadata".* FROM "ar_internal_metadata" WHERE "ar_internal_metadata"."key" = $1 LIMIT $2[0m  [["key", "environment"], ["LIMIT", 1]]
  [1m[35m (0.3ms)[0m  [1m[35mBEGIN[0m
  [1m[36mActiveRecord::InternalMetadata Create (1.1ms)[0m  [1m[32mINSERT INTO "ar_internal_metadata" ("key", "value", "created_at", "updated_at") VALUES ($1, $2, $3, $4) RETURNING "key"[0m  [["key", "environment"], ["value", "development"], ["created_at", "2020-07-29 03:44:32.372491"], ["updated_at", "2020-07-29 03:44:32.372491"]]
  [1m[35m (2.4ms)[0m  [1m[35mCOMMIT[0m
  [1m[35m (0.4ms)[0m  [1m[34mSELECT pg_advisory_unlock(7114342004176144815)[0m
  [1m[35m (0.7ms)[0m  [1m[34mSELECT "schema_migrations"."version" FROM "schema_migrations" ORDER BY "schema_migrations"."version" ASC[0m
  [1m[35m (0.1ms)[0m  [1m[35mBEGIN[0m
  [1m[36mUser Create (0.6ms)[0m  [1m[32mINSERT INTO "users" ("email", "password_digest", "created_at", "updated_at") VALUES ($1, $2, $3, $4) RETURNING "id"[0m  [["email", "gumtow@gmail.com"], ["password_digest", "$2a$12$sBoVOWXaZZYgZxAyzUTy1.Zvzq9baLGX6kH.wSJ7CXLV6klekSqJy"], ["created_at", "2020-07-29 03:48:04.742641"], ["updated_at", "2020-07-29 03:48:04.742641"]]
  [1m[35m (28.4ms)[0m  [1m[35mCOMMIT[0m
Started POST "/sessions" for 127.0.0.1 at 2020-07-28 23:09:38 -0500
  [1m[35m (1.1ms)[0m  [1m[34mSELECT "schema_migrations"."version" FROM "schema_migrations" ORDER BY "schema_migrations"."version" ASC[0m
  
NameError (uninitialized constant ApllicationController
Did you mean?  ApplicationController):
  
app/controllers/sessions_controller.rb:1:in `<main>'
Started POST "/sessions" for 127.0.0.1 at 2020-07-28 23:11:25 -0500
Processing by SessionsController#create as */*
  Parameters: {"user"=>{"email"=>"gumtow@gmail.com", "password"=>"[FILTERED]"}, "session"=>{"user"=>{"email"=>"gumtow@gmail.com", "password"=>"[FILTERED]"}}}
  [1m[36mUser Load (0.4ms)[0m  [1m[34mSELECT "users".* FROM "users" WHERE "users"."email" = $1 LIMIT $2[0m  [["email", "gumtow@gmail.com"], ["LIMIT", 1]]
  ↳ app/controllers/sessions_controller.rb:4:in `create'
Completed 200 OK in 238ms (Views: 0.3ms | ActiveRecord: 4.9ms | Allocations: 5810)


Started POST "/registrations" for ::1 at 2020-07-29 05:11:16 -0500
  [1m[35m (1.0ms)[0m  [1m[34mSELECT "schema_migrations"."version" FROM "schema_migrations" ORDER BY "schema_migrations"."version" ASC[0m
Processing by RegistrationsController#create as HTML
  Parameters: {"user"=>{"email"=>"gumtowtoo@gmail.com", "password"=>"[FILTERED]", "password_confirmation"=>"[FILTERED]"}, "registration"=>{"user"=>{"email"=>"gumtowtoo@gmail.com", "password"=>"[FILTERED]", "password_confirmation"=>"[FILTERED]"}}}
Completed 500 Internal Server Error in 273ms (ActiveRecord: 5.6ms | Allocations: 4820)


  
ActiveModel::UnknownAttributeError (unknown attribute 'password_confrimation' for User.):
  
app/controllers/registrations_controller.rb:3:in `create'
Started POST "/registrations" for ::1 at 2020-07-29 05:13:22 -0500
Processing by RegistrationsController#create as HTML
  Parameters: {"user"=>{"email"=>"gumtowtoo@gmail.com", "password"=>"[FILTERED]", "password_confirmation"=>"[FILTERED]"}, "registration"=>{"user"=>{"email"=>"gumtowtoo@gmail.com", "password"=>"[FILTERED]", "password_confirmation"=>"[FILTERED]"}}}
  [1m[35m (0.2ms)[0m  [1m[35mBEGIN[0m
  ↳ app/controllers/registrations_controller.rb:3:in `create'
  [1m[36mUser Exists? (0.7ms)[0m  [1m[34mSELECT 1 AS one FROM "users" WHERE "users"."email" = $1 LIMIT $2[0m  [["email", "gumtowtoo@gmail.com"], ["LIMIT", 1]]
  ↳ app/controllers/registrations_controller.rb:3:in `create'
  [1m[36mUser Create (1.0ms)[0m  [1m[32mINSERT INTO "users" ("email", "password_digest", "created_at", "updated_at") VALUES ($1, $2, $3, $4) RETURNING "id"[0m  [["email", "gumtowtoo@gmail.com"], ["password_digest", "$2a$12$o87okRZCcxR8eisz618NTu4V4NQx9WbNimz8aZez7Tm8BE7xExVQ."], ["created_at", "2020-07-29 10:13:22.758089"], ["updated_at", "2020-07-29 10:13:22.758089"]]
  ↳ app/controllers/registrations_controller.rb:3:in `create'
  [1m[35m (2.6ms)[0m  [1m[35mCOMMIT[0m
  ↳ app/controllers/registrations_controller.rb:3:in `create'
Completed 200 OK in 232ms (Views: 0.4ms | ActiveRecord: 7.3ms | Allocations: 8560)


Started POST "/registrations" for ::1 at 2020-07-29 05:37:22 -0500
Processing by RegistrationsController#create as HTML
  Parameters: {"user"=>{"email"=>"test@gmail.com", "password"=>"[FILTERED]", "password_confirmation"=>"[FILTERED]"}, "registration"=>{"user"=>{"email"=>"test@gmail.com", "password"=>"[FILTERED]", "password_confirmation"=>"[FILTERED]"}}}
  [1m[35m (0.2ms)[0m  [1m[35mBEGIN[0m
  ↳ app/controllers/registrations_controller.rb:3:in `create'
  [1m[36mUser Exists? (0.6ms)[0m  [1m[34mSELECT 1 AS one FROM "users" WHERE "users"."email" = $1 LIMIT $2[0m  [["email", "test@gmail.com"], ["LIMIT", 1]]
  ↳ app/controllers/registrations_controller.rb:3:in `create'
  [1m[36mUser Create (0.5ms)[0m  [1m[32mINSERT INTO "users" ("email", "password_digest", "created_at", "updated_at") VALUES ($1, $2, $3, $4) RETURNING "id"[0m  [["email", "test@gmail.com"], ["password_digest", "$2a$12$PrOkb1.8sw4HcirvjmiPYuua.8QjFJDE/doNFI4pVPMUvGTpz0GY."], ["created_at", "2020-07-29 10:37:22.794810"], ["updated_at", "2020-07-29 10:37:22.794810"]]
  ↳ app/controllers/registrations_controller.rb:3:in `create'
  [1m[35m (27.9ms)[0m  [1m[35mCOMMIT[0m
  ↳ app/controllers/registrations_controller.rb:3:in `create'
Completed 200 OK in 290ms (Views: 1.5ms | ActiveRecord: 29.2ms | Allocations: 4018)


Started POST "/registrations" for ::1 at 2020-07-29 05:43:31 -0500
Processing by RegistrationsController#create as HTML
  Parameters: {"user"=>{"email"=>"jesse.gumtow@ctx.edu", "password"=>"[FILTERED]", "password_confirmation"=>"[FILTERED]"}, "registration"=>{"user"=>{"email"=>"jesse.gumtow@ctx.edu", "password"=>"[FILTERED]", "password_confirmation"=>"[FILTERED]"}}}
  [1m[35m (0.2ms)[0m  [1m[35mBEGIN[0m
  ↳ app/controllers/registrations_controller.rb:3:in `create'
  [1m[36mUser Exists? (0.5ms)[0m  [1m[34mSELECT 1 AS one FROM "users" WHERE "users"."email" = $1 LIMIT $2[0m  [["email", "jesse.gumtow@ctx.edu"], ["LIMIT", 1]]
  ↳ app/controllers/registrations_controller.rb:3:in `create'
  [1m[36mUser Create (0.3ms)[0m  [1m[32mINSERT INTO "users" ("email", "password_digest", "created_at", "updated_at") VALUES ($1, $2, $3, $4) RETURNING "id"[0m  [["email", "jesse.gumtow@ctx.edu"], ["password_digest", "$2a$12$yqIjPQEwP8c6fAjRAqJfVOMzmvW1sMgoXrBUKplFqS5a8wzOsYmWy"], ["created_at", "2020-07-29 10:43:31.857723"], ["updated_at", "2020-07-29 10:43:31.857723"]]
  ↳ app/controllers/registrations_controller.rb:3:in `create'
  [1m[35m (27.7ms)[0m  [1m[35mCOMMIT[0m
  ↳ app/controllers/registrations_controller.rb:3:in `create'
Completed 200 OK in 255ms (Views: 0.4ms | ActiveRecord: 28.7ms | Allocations: 4004)


Started POST "/registrations" for ::1 at 2020-07-29 05:44:42 -0500
Processing by RegistrationsController#create as HTML
  Parameters: {"user"=>{"email"=>"jesse.gumtow@gmail.com", "password"=>"[FILTERED]", "password_confirmation"=>"[FILTERED]"}, "registration"=>{"user"=>{"email"=>"jesse.gumtow@gmail.com", "password"=>"[FILTERED]", "password_confirmation"=>"[FILTERED]"}}}
  [1m[35m (0.2ms)[0m  [1m[35mBEGIN[0m
  ↳ app/controllers/registrations_controller.rb:3:in `create'
  [1m[36mUser Exists? (0.2ms)[0m  [1m[34mSELECT 1 AS one FROM "users" WHERE "users"."email" = $1 LIMIT $2[0m  [["email", "jesse.gumtow@gmail.com"], ["LIMIT", 1]]
  ↳ app/controllers/registrations_controller.rb:3:in `create'
  [1m[36mUser Create (0.2ms)[0m  [1m[32mINSERT INTO "users" ("email", "password_digest", "created_at", "updated_at") VALUES ($1, $2, $3, $4) RETURNING "id"[0m  [["email", "jesse.gumtow@gmail.com"], ["password_digest", "$2a$12$NrtD/0XmArUyYmgB.2.SJuHtkqWmnJSjxOMr7Ti7R6iy1Nm3AKgey"], ["created_at", "2020-07-29 10:44:42.229389"], ["updated_at", "2020-07-29 10:44:42.229389"]]
  ↳ app/controllers/registrations_controller.rb:3:in `create'
  [1m[35m (4.0ms)[0m  [1m[35mCOMMIT[0m
  ↳ app/controllers/registrations_controller.rb:3:in `create'
Completed 200 OK in 230ms (Views: 0.2ms | ActiveRecord: 4.6ms | Allocations: 3980)


Started POST "/registrations" for ::1 at 2020-07-29 05:46:14 -0500
Processing by RegistrationsController#create as HTML
  Parameters: {"user"=>{"email"=>"test@test.com", "password"=>"[FILTERED]", "password_confirmation"=>"[FILTERED]"}, "registration"=>{"user"=>{"email"=>"test@test.com", "password"=>"[FILTERED]", "password_confirmation"=>"[FILTERED]"}}}
  [1m[35m (0.1ms)[0m  [1m[35mBEGIN[0m
  ↳ app/controllers/registrations_controller.rb:3:in `create'
  [1m[36mUser Exists? (0.2ms)[0m  [1m[34mSELECT 1 AS one FROM "users" WHERE "users"."email" = $1 LIMIT $2[0m  [["email", "test@test.com"], ["LIMIT", 1]]
  ↳ app/controllers/registrations_controller.rb:3:in `create'
  [1m[36mUser Create (0.9ms)[0m  [1m[32mINSERT INTO "users" ("email", "password_digest", "created_at", "updated_at") VALUES ($1, $2, $3, $4) RETURNING "id"[0m  [["email", "test@test.com"], ["password_digest", "$2a$12$oT5RQ8BhJGWOJqd/jXC6MuzcfrdtOPP1LMkkgJ/mUx2yJu0clvo2y"], ["created_at", "2020-07-29 10:46:14.729312"], ["updated_at", "2020-07-29 10:46:14.729312"]]
  ↳ app/controllers/registrations_controller.rb:3:in `create'
  [1m[35m (4.2ms)[0m  [1m[35mCOMMIT[0m
  ↳ app/controllers/registrations_controller.rb:3:in `create'
Completed 200 OK in 255ms (Views: 0.5ms | ActiveRecord: 5.5ms | Allocations: 3956)


Started POST "/sessions" for ::1 at 2020-07-29 05:54:37 -0500
Processing by SessionsController#create as HTML
  Parameters: {"user"=>{"email"=>"gumtow@gmail.com", "password"=>"[FILTERED]"}, "session"=>{"user"=>{"email"=>"gumtow@gmail.com", "password"=>"[FILTERED]"}}}
  [1m[36mUser Load (0.4ms)[0m  [1m[34mSELECT "users".* FROM "users" WHERE "users"."id" = $1 LIMIT $2[0m  [["id", 6], ["LIMIT", 1]]
  ↳ app/controllers/concerns/current_user_concern.rb:10:in `set_current_user'
  [1m[36mUser Load (0.3ms)[0m  [1m[34mSELECT "users".* FROM "users" WHERE "users"."email" = $1 LIMIT $2[0m  [["email", "gumtow@gmail.com"], ["LIMIT", 1]]
  ↳ app/controllers/sessions_controller.rb:5:in `create'
Completed 200 OK in 236ms (Views: 0.3ms | ActiveRecord: 0.9ms | Allocations: 1988)


Started POST "/sessions" for ::1 at 2020-07-29 05:55:36 -0500
Processing by SessionsController#create as HTML
  Parameters: {"user"=>{"email"=>"gumtow@gmail.com", "password"=>"[FILTERED]"}, "session"=>{"user"=>{"email"=>"gumtow@gmail.com", "password"=>"[FILTERED]"}}}
  [1m[36mUser Load (0.4ms)[0m  [1m[34mSELECT "users".* FROM "users" WHERE "users"."id" = $1 LIMIT $2[0m  [["id", 1], ["LIMIT", 1]]
  ↳ app/controllers/concerns/current_user_concern.rb:10:in `set_current_user'
  [1m[36mUser Load (0.3ms)[0m  [1m[34mSELECT "users".* FROM "users" WHERE "users"."email" = $1 LIMIT $2[0m  [["email", "gumtow@gmail.com"], ["LIMIT", 1]]
  ↳ app/controllers/sessions_controller.rb:5:in `create'
Completed 200 OK in 229ms (Views: 0.3ms | ActiveRecord: 0.7ms | Allocations: 1593)


Started POST "/sessions" for ::1 at 2020-07-29 05:58:01 -0500
Processing by SessionsController#create as HTML
  Parameters: {"user"=>{"email"=>"gumtow@gmail.com", "password"=>"[FILTERED]"}, "session"=>{"user"=>{"email"=>"gumtow@gmail.com", "password"=>"[FILTERED]"}}}
  [1m[36mUser Load (0.3ms)[0m  [1m[34mSELECT "users".* FROM "users" WHERE "users"."id" = $1 LIMIT $2[0m  [["id", 1], ["LIMIT", 1]]
  ↳ app/controllers/concerns/current_user_concern.rb:10:in `set_current_user'
  [1m[36mUser Load (0.3ms)[0m  [1m[34mSELECT "users".* FROM "users" WHERE "users"."email" = $1 LIMIT $2[0m  [["email", "gumtow@gmail.com"], ["LIMIT", 1]]
  ↳ app/controllers/sessions_controller.rb:5:in `create'
Completed 200 OK in 257ms (Views: 0.3ms | ActiveRecord: 0.6ms | Allocations: 1598)


Started GET "/logged_in" for ::1 at 2020-07-29 06:10:40 -0500
Processing by SessionsController#logged_in as HTML
  [1m[36mUser Load (0.5ms)[0m  [1m[34mSELECT "users".* FROM "users" WHERE "users"."id" = $1 LIMIT $2[0m  [["id", 1], ["LIMIT", 1]]
  ↳ app/controllers/concerns/current_user_concern.rb:10:in `set_current_user'
Completed 200 OK in 6ms (Views: 1.0ms | ActiveRecord: 0.7ms | Allocations: 1028)


Started GET "/logged_in" for ::1 at 2020-07-29 06:11:02 -0500
Processing by SessionsController#logged_in as HTML
  [1m[36mUser Load (0.3ms)[0m  [1m[34mSELECT "users".* FROM "users" WHERE "users"."id" = $1 LIMIT $2[0m  [["id", 1], ["LIMIT", 1]]
  ↳ app/controllers/concerns/current_user_concern.rb:10:in `set_current_user'
Completed 200 OK in 2ms (Views: 0.3ms | ActiveRecord: 0.3ms | Allocations: 935)


Started GET "/logged_in" for ::1 at 2020-07-29 06:14:20 -0500
Processing by SessionsController#logged_in as HTML
  [1m[36mUser Load (0.5ms)[0m  [1m[34mSELECT "users".* FROM "users" WHERE "users"."id" = $1 LIMIT $2[0m  [["id", 1], ["LIMIT", 1]]
  ↳ app/controllers/concerns/current_user_concern.rb:10:in `set_current_user'
Completed 200 OK in 4ms (Views: 0.6ms | ActiveRecord: 0.5ms | Allocations: 938)


Started GET "/logged_in" for ::1 at 2020-07-29 06:14:28 -0500
Processing by SessionsController#logged_in as HTML
  [1m[36mUser Load (0.5ms)[0m  [1m[34mSELECT "users".* FROM "users" WHERE "users"."id" = $1 LIMIT $2[0m  [["id", 1], ["LIMIT", 1]]
  ↳ app/controllers/concerns/current_user_concern.rb:10:in `set_current_user'
Completed 200 OK in 3ms (Views: 0.6ms | ActiveRecord: 0.5ms | Allocations: 939)


Started GET "/logged_in" for ::1 at 2020-07-29 06:16:49 -0500
Processing by SessionsController#logged_in as HTML
  [1m[36mUser Load (0.4ms)[0m  [1m[34mSELECT "users".* FROM "users" WHERE "users"."id" = $1 LIMIT $2[0m  [["id", 1], ["LIMIT", 1]]
  ↳ app/controllers/concerns/current_user_concern.rb:10:in `set_current_user'
Completed 200 OK in 3ms (Views: 0.5ms | ActiveRecord: 0.4ms | Allocations: 940)


Started GET "/logged_in" for ::1 at 2020-07-29 06:17:08 -0500
Processing by SessionsController#logged_in as HTML
  [1m[36mUser Load (0.4ms)[0m  [1m[34mSELECT "users".* FROM "users" WHERE "users"."id" = $1 LIMIT $2[0m  [["id", 1], ["LIMIT", 1]]
  ↳ app/controllers/concerns/current_user_concern.rb:10:in `set_current_user'
Completed 200 OK in 3ms (Views: 0.6ms | ActiveRecord: 0.4ms | Allocations: 940)


Started GET "/logged_in" for ::1 at 2020-07-29 06:17:12 -0500
Processing by SessionsController#logged_in as HTML
  [1m[36mUser Load (0.3ms)[0m  [1m[34mSELECT "users".* FROM "users" WHERE "users"."id" = $1 LIMIT $2[0m  [["id", 1], ["LIMIT", 1]]
  ↳ app/controllers/concerns/current_user_concern.rb:10:in `set_current_user'
Completed 200 OK in 3ms (Views: 0.5ms | ActiveRecord: 0.3ms | Allocations: 938)


Started GET "/logged_in" for ::1 at 2020-07-29 06:21:53 -0500
Processing by SessionsController#logged_in as HTML
  [1m[36mUser Load (0.3ms)[0m  [1m[34mSELECT "users".* FROM "users" WHERE "users"."id" = $1 LIMIT $2[0m  [["id", 1], ["LIMIT", 1]]
  ↳ app/controllers/concerns/current_user_concern.rb:10:in `set_current_user'
Completed 200 OK in 3ms (Views: 0.3ms | ActiveRecord: 0.3ms | Allocations: 942)


Started GET "/logged_in" for ::1 at 2020-07-29 06:23:09 -0500
Processing by SessionsController#logged_in as HTML
  [1m[36mUser Load (1.0ms)[0m  [1m[34mSELECT "users".* FROM "users" WHERE "users"."id" = $1 LIMIT $2[0m  [["id", 1], ["LIMIT", 1]]
  ↳ app/controllers/concerns/current_user_concern.rb:10:in `set_current_user'
Completed 200 OK in 6ms (Views: 0.5ms | ActiveRecord: 1.0ms | Allocations: 942)


Started GET "/logged_in" for ::1 at 2020-07-29 06:26:21 -0500
Processing by SessionsController#logged_in as HTML
  [1m[36mUser Load (1.0ms)[0m  [1m[34mSELECT "users".* FROM "users" WHERE "users"."id" = $1 LIMIT $2[0m  [["id", 1], ["LIMIT", 1]]
  ↳ app/controllers/concerns/current_user_concern.rb:10:in `set_current_user'
Completed 200 OK in 8ms (Views: 1.5ms | ActiveRecord: 1.0ms | Allocations: 938)


Started GET "/logged_in" for ::1 at 2020-07-29 06:26:40 -0500
Processing by SessionsController#logged_in as HTML
  [1m[36mUser Load (0.3ms)[0m  [1m[34mSELECT "users".* FROM "users" WHERE "users"."id" = $1 LIMIT $2[0m  [["id", 1], ["LIMIT", 1]]
  ↳ app/controllers/concerns/current_user_concern.rb:10:in `set_current_user'
Completed 200 OK in 3ms (Views: 0.4ms | ActiveRecord: 0.3ms | Allocations: 941)


Started GET "/logged_in" for ::1 at 2020-07-29 06:29:46 -0500
Processing by SessionsController#logged_in as HTML
  [1m[36mUser Load (0.4ms)[0m  [1m[34mSELECT "users".* FROM "users" WHERE "users"."id" = $1 LIMIT $2[0m  [["id", 1], ["LIMIT", 1]]
  ↳ app/controllers/concerns/current_user_concern.rb:10:in `set_current_user'
Completed 200 OK in 3ms (Views: 0.3ms | ActiveRecord: 0.4ms | Allocations: 939)


Started DELETE "/logout" for ::1 at 2020-07-29 06:29:55 -0500
Processing by SessionsController#logout as HTML
  [1m[36mUser Load (0.8ms)[0m  [1m[34mSELECT "users".* FROM "users" WHERE "users"."id" = $1 LIMIT $2[0m  [["id", 1], ["LIMIT", 1]]
  ↳ app/controllers/concerns/current_user_concern.rb:10:in `set_current_user'
Completed 200 OK in 9ms (Views: 0.7ms | ActiveRecord: 0.8ms | Allocations: 841)


Started GET "/logged_in" for ::1 at 2020-07-29 06:30:10 -0500
Processing by SessionsController#logged_in as HTML
Completed 200 OK in 2ms (Views: 0.3ms | ActiveRecord: 0.0ms | Allocations: 262)


Started POST "/sessions" for ::1 at 2020-07-29 06:30:29 -0500
Processing by SessionsController#create as HTML
  Parameters: {"user"=>{"email"=>"gumtow@gmail.com", "password"=>"[FILTERED]"}, "session"=>{"user"=>{"email"=>"gumtow@gmail.com", "password"=>"[FILTERED]"}}}
  [1m[36mUser Load (0.4ms)[0m  [1m[34mSELECT "users".* FROM "users" WHERE "users"."email" = $1 LIMIT $2[0m  [["email", "gumtow@gmail.com"], ["LIMIT", 1]]
  ↳ app/controllers/sessions_controller.rb:5:in `create'
Completed 200 OK in 229ms (Views: 0.3ms | ActiveRecord: 0.4ms | Allocations: 1029)


Started GET "/logged_in" for ::1 at 2020-07-29 06:30:46 -0500
Processing by SessionsController#logged_in as HTML
  [1m[36mUser Load (0.2ms)[0m  [1m[34mSELECT "users".* FROM "users" WHERE "users"."id" = $1 LIMIT $2[0m  [["id", 1], ["LIMIT", 1]]
  ↳ app/controllers/concerns/current_user_concern.rb:10:in `set_current_user'
Completed 200 OK in 2ms (Views: 0.4ms | ActiveRecord: 0.2ms | Allocations: 939)


Started DELETE "/logout" for ::1 at 2020-07-29 06:30:49 -0500
Processing by SessionsController#logout as HTML
  [1m[36mUser Load (0.7ms)[0m  [1m[34mSELECT "users".* FROM "users" WHERE "users"."id" = $1 LIMIT $2[0m  [["id", 1], ["LIMIT", 1]]
  ↳ app/controllers/concerns/current_user_concern.rb:10:in `set_current_user'
Completed 200 OK in 6ms (Views: 0.4ms | ActiveRecord: 0.7ms | Allocations: 844)


Started GET "/logged_in" for ::1 at 2020-07-29 06:30:54 -0500
Processing by SessionsController#logged_in as HTML
Completed 200 OK in 1ms (Views: 0.2ms | ActiveRecord: 0.0ms | Allocations: 252)


Started GET "/logged_in" for ::1 at 2020-07-29 06:36:06 -0500
Processing by SessionsController#logged_in as HTML
Completed 200 OK in 1ms (Views: 0.2ms | ActiveRecord: 0.0ms | Allocations: 254)


Started POST "/sessions" for ::1 at 2020-07-29 06:36:28 -0500
Processing by SessionsController#create as HTML
  Parameters: {"user"=>{"email"=>"gumtow@gmail.com", "password"=>"[FILTERED]"}, "session"=>{"user"=>{"email"=>"gumtow@gmail.com", "password"=>"[FILTERED]"}}}
  [1m[36mUser Load (0.3ms)[0m  [1m[34mSELECT "users".* FROM "users" WHERE "users"."email" = $1 LIMIT $2[0m  [["email", "gumtow@gmail.com"], ["LIMIT", 1]]
  ↳ app/controllers/sessions_controller.rb:5:in `create'
Completed 200 OK in 222ms (Views: 0.3ms | ActiveRecord: 0.3ms | Allocations: 1027)


Started GET "/logged_in" for ::1 at 2020-07-29 06:36:49 -0500
Processing by SessionsController#logged_in as HTML
  [1m[36mUser Load (0.3ms)[0m  [1m[34mSELECT "users".* FROM "users" WHERE "users"."id" = $1 LIMIT $2[0m  [["id", 1], ["LIMIT", 1]]
  ↳ app/controllers/concerns/current_user_concern.rb:10:in `set_current_user'
Completed 200 OK in 3ms (Views: 0.6ms | ActiveRecord: 0.3ms | Allocations: 941)


Started DELETE "/logout" for ::1 at 2020-07-29 06:36:53 -0500
Processing by SessionsController#logout as HTML
  [1m[36mUser Load (0.6ms)[0m  [1m[34mSELECT "users".* FROM "users" WHERE "users"."id" = $1 LIMIT $2[0m  [["id", 1], ["LIMIT", 1]]
  ↳ app/controllers/concerns/current_user_concern.rb:10:in `set_current_user'
Completed 200 OK in 5ms (Views: 0.4ms | ActiveRecord: 0.6ms | Allocations: 841)


Started GET "/logged_in" for ::1 at 2020-07-29 06:37:15 -0500
Processing by SessionsController#logged_in as HTML
Completed 200 OK in 1ms (Views: 0.1ms | ActiveRecord: 0.0ms | Allocations: 250)


Started DELETE "/logout" for ::1 at 2020-07-29 06:37:18 -0500
Processing by SessionsController#logout as HTML
Completed 200 OK in 2ms (Views: 0.3ms | ActiveRecord: 0.0ms | Allocations: 275)


Started GET "/logged_in" for ::1 at 2020-07-29 06:38:09 -0500
Processing by SessionsController#logged_in as HTML
Completed 200 OK in 1ms (Views: 0.1ms | ActiveRecord: 0.0ms | Allocations: 252)


Started DELETE "/logout" for ::1 at 2020-07-29 06:38:11 -0500
Processing by SessionsController#logout as HTML
Completed 200 OK in 2ms (Views: 0.5ms | ActiveRecord: 0.0ms | Allocations: 271)


Started GET "/logged_in" for ::1 at 2020-07-29 06:38:28 -0500
Processing by SessionsController#logged_in as HTML
Completed 200 OK in 1ms (Views: 0.2ms | ActiveRecord: 0.0ms | Allocations: 255)


Started DELETE "/logout" for ::1 at 2020-07-29 06:38:30 -0500
Processing by SessionsController#logout as HTML
Completed 200 OK in 1ms (Views: 0.3ms | ActiveRecord: 0.0ms | Allocations: 277)


Started GET "/logged_in" for ::1 at 2020-07-29 06:39:23 -0500
Processing by SessionsController#logged_in as HTML
Completed 200 OK in 1ms (Views: 0.2ms | ActiveRecord: 0.0ms | Allocations: 253)


Started POST "/sessions" for ::1 at 2020-07-29 06:39:54 -0500
Processing by SessionsController#create as HTML
  Parameters: {"user"=>{"email"=>"gumtow@gmail.com", "password"=>"[FILTERED]"}, "session"=>{"user"=>{"email"=>"gumtow@gmail.com", "password"=>"[FILTERED]"}}}
  [1m[36mUser Load (1.0ms)[0m  [1m[34mSELECT "users".* FROM "users" WHERE "users"."email" = $1 LIMIT $2[0m  [["email", "gumtow@gmail.com"], ["LIMIT", 1]]
  ↳ app/controllers/sessions_controller.rb:5:in `create'
Completed 200 OK in 243ms (Views: 0.3ms | ActiveRecord: 1.0ms | Allocations: 1028)


Started DELETE "/logout" for ::1 at 2020-07-29 06:40:00 -0500
Processing by SessionsController#logout as HTML
  [1m[36mUser Load (0.2ms)[0m  [1m[34mSELECT "users".* FROM "users" WHERE "users"."id" = $1 LIMIT $2[0m  [["id", 1], ["LIMIT", 1]]
  ↳ app/controllers/concerns/current_user_concern.rb:10:in `set_current_user'
Completed 200 OK in 2ms (Views: 0.1ms | ActiveRecord: 0.2ms | Allocations: 847)


Started GET "/logged_in" for ::1 at 2020-07-29 06:40:12 -0500
Processing by SessionsController#logged_in as HTML
Completed 200 OK in 1ms (Views: 0.1ms | ActiveRecord: 0.0ms | Allocations: 252)


Started GET "/logged_in" for ::1 at 2020-07-29 06:42:56 -0500
Processing by SessionsController#logged_in as HTML
Completed 200 OK in 1ms (Views: 0.2ms | ActiveRecord: 0.0ms | Allocations: 252)


Started DELETE "/logout" for ::1 at 2020-07-29 06:42:58 -0500
Processing by SessionsController#logout as HTML
Completed 200 OK in 2ms (Views: 0.4ms | ActiveRecord: 0.0ms | Allocations: 276)


Started GET "/logged_in" for ::1 at 2020-07-29 06:43:15 -0500
Processing by SessionsController#logged_in as HTML
Completed 200 OK in 1ms (Views: 0.2ms | ActiveRecord: 0.0ms | Allocations: 252)


Started DELETE "/logout" for ::1 at 2020-07-29 06:43:17 -0500
Processing by SessionsController#logout as HTML
Completed 200 OK in 1ms (Views: 0.2ms | ActiveRecord: 0.0ms | Allocations: 275)


Started GET "/logged_in" for ::1 at 2020-07-29 06:45:56 -0500
Processing by SessionsController#logged_in as HTML
Completed 200 OK in 1ms (Views: 0.2ms | ActiveRecord: 0.0ms | Allocations: 254)


Started DELETE "/logout" for ::1 at 2020-07-29 06:45:58 -0500
Processing by SessionsController#logout as HTML
Completed 200 OK in 1ms (Views: 0.1ms | ActiveRecord: 0.0ms | Allocations: 277)


Started GET "/logged_in" for ::1 at 2020-07-29 06:46:36 -0500
Processing by SessionsController#logged_in as HTML
Completed 200 OK in 1ms (Views: 0.2ms | ActiveRecord: 0.0ms | Allocations: 255)


Started GET "/logged_in" for ::1 at 2020-07-29 06:46:38 -0500
Processing by SessionsController#logged_in as HTML
Completed 200 OK in 1ms (Views: 0.1ms | ActiveRecord: 0.0ms | Allocations: 255)


Started POST "/sessions" for ::1 at 2020-07-29 06:46:53 -0500
Processing by SessionsController#create as HTML
  Parameters: {"user"=>{"email"=>"gumtow@gmail.com", "password"=>"[FILTERED]"}, "session"=>{"user"=>{"email"=>"gumtow@gmail.com", "password"=>"[FILTERED]"}}}
  [1m[36mUser Load (0.3ms)[0m  [1m[34mSELECT "users".* FROM "users" WHERE "users"."email" = $1 LIMIT $2[0m  [["email", "gumtow@gmail.com"], ["LIMIT", 1]]
  ↳ app/controllers/sessions_controller.rb:5:in `create'
Completed 200 OK in 223ms (Views: 0.3ms | ActiveRecord: 0.3ms | Allocations: 1028)


Started DELETE "/logout" for ::1 at 2020-07-29 06:47:15 -0500
Processing by SessionsController#logout as HTML
  [1m[36mUser Load (0.3ms)[0m  [1m[34mSELECT "users".* FROM "users" WHERE "users"."id" = $1 LIMIT $2[0m  [["id", 1], ["LIMIT", 1]]
  ↳ app/controllers/concerns/current_user_concern.rb:10:in `set_current_user'
Completed 200 OK in 2ms (Views: 0.2ms | ActiveRecord: 0.3ms | Allocations: 842)


Started GET "/logged_in" for ::1 at 2020-07-29 06:49:41 -0500
Processing by SessionsController#logged_in as HTML
Completed 200 OK in 1ms (Views: 0.3ms | ActiveRecord: 0.0ms | Allocations: 258)


Started DELETE "/logout" for ::1 at 2020-07-29 06:49:43 -0500
Processing by SessionsController#logout as HTML
Completed 200 OK in 1ms (Views: 0.2ms | ActiveRecord: 0.0ms | Allocations: 274)


Started POST "/sessions" for ::1 at 2020-07-29 06:50:03 -0500
Processing by SessionsController#create as HTML
  Parameters: {"user"=>{"email"=>"gumtow@gmail.com", "password"=>"[FILTERED]"}, "session"=>{"user"=>{"email"=>"gumtow@gmail.com", "password"=>"[FILTERED]"}}}
  [1m[36mUser Load (0.3ms)[0m  [1m[34mSELECT "users".* FROM "users" WHERE "users"."email" = $1 LIMIT $2[0m  [["email", "gumtow@gmail.com"], ["LIMIT", 1]]
  ↳ app/controllers/sessions_controller.rb:5:in `create'
Completed 500 Internal Server Error in 222ms (ActiveRecord: 0.3ms | Allocations: 2149)


  
ActionView::MissingTemplate (Missing template sessions/create, application/create with {:locale=>[:en], :formats=>[:html], :variants=>[], :handlers=>[:raw, :erb, :html, :builder, :ruby, :jbuilder]}. Searched in:
  * "/home/jesse/ga/final-project/foster-api/foster_api/app/views"
  * "/home/jesse/.rbenv/versions/2.6.3/lib/ruby/gems/2.6.0/gems/actiontext-6.0.3.2/app/views"
  * "/home/jesse/.rbenv/versions/2.6.3/lib/ruby/gems/2.6.0/gems/actionmailbox-6.0.3.2/app/views"
):
  
app/controllers/sessions_controller.rb:16:in `create'
Started POST "/sessions" for ::1 at 2020-07-29 06:50:14 -0500
Processing by SessionsController#create as HTML
  Parameters: {"user"=>{"email"=>"gumtow@gmail.com", "password"=>"[FILTERED]"}, "session"=>{"user"=>{"email"=>"gumtow@gmail.com", "password"=>"[FILTERED]"}}}
  [1m[36mUser Load (0.3ms)[0m  [1m[34mSELECT "users".* FROM "users" WHERE "users"."email" = $1 LIMIT $2[0m  [["email", "gumtow@gmail.com"], ["LIMIT", 1]]
  ↳ app/controllers/sessions_controller.rb:5:in `create'
Completed 200 OK in 218ms (Views: 0.3ms | ActiveRecord: 0.3ms | Allocations: 1022)


Started DELETE "/logout" for ::1 at 2020-07-29 06:50:19 -0500
Processing by SessionsController#logout as HTML
  [1m[36mUser Load (0.3ms)[0m  [1m[34mSELECT "users".* FROM "users" WHERE "users"."id" = $1 LIMIT $2[0m  [["id", 1], ["LIMIT", 1]]
  ↳ app/controllers/concerns/current_user_concern.rb:10:in `set_current_user'
Completed 200 OK in 2ms (Views: 0.1ms | ActiveRecord: 0.3ms | Allocations: 845)


Started GET "/logged_in" for ::1 at 2020-07-29 06:50:50 -0500
Processing by SessionsController#logged_in as HTML
Completed 200 OK in 1ms (Views: 0.2ms | ActiveRecord: 0.0ms | Allocations: 253)


Started POST "/sessions" for ::1 at 2020-07-29 06:51:04 -0500
Processing by SessionsController#create as HTML
  Parameters: {"user"=>{"email"=>"gumtow@gmail.com", "password"=>"[FILTERED]"}, "session"=>{"user"=>{"email"=>"gumtow@gmail.com", "password"=>"[FILTERED]"}}}
  [1m[36mUser Load (0.2ms)[0m  [1m[34mSELECT "users".* FROM "users" WHERE "users"."email" = $1 LIMIT $2[0m  [["email", "gumtow@gmail.com"], ["LIMIT", 1]]
  ↳ app/controllers/sessions_controller.rb:5:in `create'
Completed 200 OK in 221ms (Views: 0.3ms | ActiveRecord: 0.2ms | Allocations: 1023)


Started DELETE "/logout" for ::1 at 2020-07-29 06:51:10 -0500
Processing by SessionsController#logout as HTML
  [1m[36mUser Load (0.2ms)[0m  [1m[34mSELECT "users".* FROM "users" WHERE "users"."id" = $1 LIMIT $2[0m  [["id", 1], ["LIMIT", 1]]
  ↳ app/controllers/concerns/current_user_concern.rb:10:in `set_current_user'
Completed 200 OK in 2ms (Views: 0.2ms | ActiveRecord: 0.2ms | Allocations: 847)


Started GET "/logged_in" for ::1 at 2020-07-29 06:53:45 -0500
Processing by SessionsController#logged_in as HTML
Completed 200 OK in 1ms (Views: 0.2ms | ActiveRecord: 0.0ms | Allocations: 254)


Started DELETE "/logout" for ::1 at 2020-07-29 06:53:48 -0500
Processing by SessionsController#logout as HTML
Completed 200 OK in 1ms (Views: 0.3ms | ActiveRecord: 0.0ms | Allocations: 275)


Started GET "/logged_in" for ::1 at 2020-07-29 06:53:52 -0500
Processing by SessionsController#logged_in as HTML
Completed 200 OK in 1ms (Views: 0.1ms | ActiveRecord: 0.0ms | Allocations: 256)


Started POST "/sessions" for ::1 at 2020-07-29 06:54:03 -0500
Processing by SessionsController#create as HTML
  Parameters: {"user"=>{"email"=>"gumtow@gmail.com", "password"=>"[FILTERED]"}, "session"=>{"user"=>{"email"=>"gumtow@gmail.com", "password"=>"[FILTERED]"}}}
  [1m[36mUser Load (0.2ms)[0m  [1m[34mSELECT "users".* FROM "users" WHERE "users"."email" = $1 LIMIT $2[0m  [["email", "gumtow@gmail.com"], ["LIMIT", 1]]
  ↳ app/controllers/sessions_controller.rb:5:in `create'
Completed 200 OK in 221ms (Views: 0.3ms | ActiveRecord: 0.2ms | Allocations: 1024)


Started DELETE "/logout" for ::1 at 2020-07-29 06:54:13 -0500
Processing by SessionsController#logout as HTML
  [1m[36mUser Load (0.2ms)[0m  [1m[34mSELECT "users".* FROM "users" WHERE "users"."id" = $1 LIMIT $2[0m  [["id", 1], ["LIMIT", 1]]
  ↳ app/controllers/concerns/current_user_concern.rb:10:in `set_current_user'
Completed 200 OK in 2ms (Views: 0.2ms | ActiveRecord: 0.2ms | Allocations: 850)


Started GET "/logged_in" for ::1 at 2020-07-29 18:45:16 -0500
  [1m[35m (0.8ms)[0m  [1m[34mSELECT "schema_migrations"."version" FROM "schema_migrations" ORDER BY "schema_migrations"."version" ASC[0m
Processing by SessionsController#logged_in as HTML
Completed 200 OK in 6ms (Views: 0.2ms | ActiveRecord: 0.0ms | Allocations: 384)


Started GET "/" for ::1 at 2020-07-29 18:47:08 -0500
Processing by StaticController#home as HTML
Completed 200 OK in 1ms (Views: 0.2ms | ActiveRecord: 0.0ms | Allocations: 291)


  [1m[35m (0.5ms)[0m  [1m[34mSELECT pg_try_advisory_lock(7114342004176144815)[0m
  [1m[35m (0.5ms)[0m  [1m[34mSELECT "schema_migrations"."version" FROM "schema_migrations" ORDER BY "schema_migrations"."version" ASC[0m
Migrating to CreateChildren (20200729235253)
  [1m[35m (0.4ms)[0m  [1m[34mSELECT pg_advisory_unlock(7114342004176144815)[0m
  [1m[35m (0.3ms)[0m  [1m[34mSELECT pg_try_advisory_lock(7114342004176144815)[0m
  [1m[35m (1.2ms)[0m  [1m[34mSELECT "schema_migrations"."version" FROM "schema_migrations" ORDER BY "schema_migrations"."version" ASC[0m
Migrating to CreateChildren (20200729235253)
  [1m[35m (0.6ms)[0m  [1m[35mBEGIN[0m
  [1m[35m (27.4ms)[0m  [1m[35mCREATE TABLE "children" ("id" bigserial primary key, "name" character varying, "status" character varying, "created_at" timestamp(6) NOT NULL, "updated_at" timestamp(6) NOT NULL)[0m
  [1m[36mprimary::SchemaMigration Create (0.8ms)[0m  [1m[32mINSERT INTO "schema_migrations" ("version") VALUES ($1) RETURNING "version"[0m  [["version", "20200729235253"]]
  [1m[35m (2.8ms)[0m  [1m[35mCOMMIT[0m
Migrating to CreateMessageboards (20200729235344)
  [1m[35m (3.3ms)[0m  [1m[35mBEGIN[0m
  [1m[35m (14.0ms)[0m  [1m[35mCREATE TABLE "messageboards" ("id" bigserial primary key, "subject" character varying, "content" character varying, "status" character varying, "created_at" timestamp(6) NOT NULL, "updated_at" timestamp(6) NOT NULL)[0m
  [1m[36mprimary::SchemaMigration Create (0.9ms)[0m  [1m[32mINSERT INTO "schema_migrations" ("version") VALUES ($1) RETURNING "version"[0m  [["version", "20200729235344"]]
  [1m[35m (2.7ms)[0m  [1m[35mCOMMIT[0m
Migrating to AddForeignKeyToUsers (20200729235701)
  [1m[35m (0.3ms)[0m  [1m[35mBEGIN[0m
  [1m[35m (0.8ms)[0m  [1m[35mALTER TABLE "users" ADD "child_id" integer[0m
  [1m[36mprimary::SchemaMigration Create (0.7ms)[0m  [1m[32mINSERT INTO "schema_migrations" ("version") VALUES ($1) RETURNING "version"[0m  [["version", "20200729235701"]]
  [1m[35m (3.2ms)[0m  [1m[35mCOMMIT[0m
Migrating to AddMessageForeignKeyToUsers (20200729235938)
  [1m[35m (0.8ms)[0m  [1m[35mBEGIN[0m
  [1m[35m (0.8ms)[0m  [1m[35mALTER TABLE "users" ADD "message_id" integer[0m
  [1m[36mprimary::SchemaMigration Create (0.5ms)[0m  [1m[32mINSERT INTO "schema_migrations" ("version") VALUES ($1) RETURNING "version"[0m  [["version", "20200729235938"]]
  [1m[35m (3.0ms)[0m  [1m[35mCOMMIT[0m
  [1m[36mActiveRecord::InternalMetadata Load (2.2ms)[0m  [1m[34mSELECT "ar_internal_metadata".* FROM "ar_internal_metadata" WHERE "ar_internal_metadata"."key" = $1 LIMIT $2[0m  [["key", "environment"], ["LIMIT", 1]]
  [1m[35m (1.0ms)[0m  [1m[34mSELECT pg_advisory_unlock(7114342004176144815)[0m
  [1m[35m (1.4ms)[0m  [1m[34mSELECT "schema_migrations"."version" FROM "schema_migrations" ORDER BY "schema_migrations"."version" ASC[0m
  [1m[35m (0.5ms)[0m  [1m[34mSELECT pg_try_advisory_lock(7114342004176144815)[0m
  [1m[35m (1.1ms)[0m  [1m[34mSELECT "schema_migrations"."version" FROM "schema_migrations" ORDER BY "schema_migrations"."version" ASC[0m
Migrating to AddPicArray (20200730000406)
  [1m[35m (0.4ms)[0m  [1m[35mBEGIN[0m
  [1m[35m (19.8ms)[0m  [1m[35mALTER TABLE "children" ADD "pictures" text[] DEFAULT '{}'[0m
  [1m[36mprimary::SchemaMigration Create (0.9ms)[0m  [1m[32mINSERT INTO "schema_migrations" ("version") VALUES ($1) RETURNING "version"[0m  [["version", "20200730000406"]]
  [1m[35m (3.3ms)[0m  [1m[35mCOMMIT[0m
  [1m[36mActiveRecord::InternalMetadata Load (1.1ms)[0m  [1m[34mSELECT "ar_internal_metadata".* FROM "ar_internal_metadata" WHERE "ar_internal_metadata"."key" = $1 LIMIT $2[0m  [["key", "environment"], ["LIMIT", 1]]
  [1m[35m (0.6ms)[0m  [1m[34mSELECT pg_advisory_unlock(7114342004176144815)[0m
  [1m[35m (1.3ms)[0m  [1m[34mSELECT "schema_migrations"."version" FROM "schema_migrations" ORDER BY "schema_migrations"."version" ASC[0m
  [1m[35m (0.5ms)[0m  [1m[34mSELECT pg_try_advisory_lock(7114342004176144815)[0m
  [1m[35m (2.7ms)[0m  [1m[34mSELECT "schema_migrations"."version" FROM "schema_migrations" ORDER BY "schema_migrations"."version" ASC[0m
Migrating to AddDocArray (20200730000550)
  [1m[35m (0.5ms)[0m  [1m[35mBEGIN[0m
  [1m[35m (18.9ms)[0m  [1m[35mALTER TABLE "children" ADD "documents" text[] DEFAULT '{}'[0m
  [1m[36mprimary::SchemaMigration Create (1.0ms)[0m  [1m[32mINSERT INTO "schema_migrations" ("version") VALUES ($1) RETURNING "version"[0m  [["version", "20200730000550"]]
  [1m[35m (4.1ms)[0m  [1m[35mCOMMIT[0m
  [1m[36mActiveRecord::InternalMetadata Load (1.4ms)[0m  [1m[34mSELECT "ar_internal_metadata".* FROM "ar_internal_metadata" WHERE "ar_internal_metadata"."key" = $1 LIMIT $2[0m  [["key", "environment"], ["LIMIT", 1]]
  [1m[35m (0.7ms)[0m  [1m[34mSELECT pg_advisory_unlock(7114342004176144815)[0m
  [1m[35m (1.5ms)[0m  [1m[34mSELECT "schema_migrations"."version" FROM "schema_migrations" ORDER BY "schema_migrations"."version" ASC[0m
